<?xml version="1.0" encoding="UTF-8"?>
<!-- Generated by org.testng.reporters.JUnitReportReporter -->
<testsuite skipped="0" hostname="DESKTOP-VP6DSVL" name="org.testng.ExceptionTest" tests="1" failures="0" timestamp="2021-06-12T17:04:15 IST" time="0.032" errors="0">
  <testcase name="divide" time="0.032" classname="org.testng.ExceptionTest"/>
  <system-out/>
</testsuite> <!-- org.testng.ExceptionTest -->
