<?xml version="1.0" encoding="UTF-8"?>
<!-- Generated by org.testng.reporters.JUnitReportReporter -->
<testsuite skipped="0" hostname="DESKTOP-VP6DSVL" name="org.testng.TimeOut" tests="1" failures="0" timestamp="2021-06-12T17:07:43 IST" time="2.070" errors="0">
  <testcase name="searchMobile" time="2.070" classname="org.testng.TimeOut"/>
  <system-out/>
</testsuite> <!-- org.testng.TimeOut -->
