<?xml version="1.0" encoding="UTF-8"?>
<!-- Generated by org.testng.reporters.JUnitReportReporter -->
<testsuite skipped="0" hostname="DESKTOP-VP6DSVL" name="org.testng.MultipleTimes" tests="6" failures="0" timestamp="2021-06-11T16:57:39 IST" time="0.094" errors="0">
  <testcase name="searchLaptop" time="0.006" classname="org.testng.MultipleTimes"/>
  <system-out/>
  <testcase name="searchMobile" time="0.010" classname="org.testng.MultipleTimes"/>
  <system-out/>
  <testcase name="searchMobile" time="0.024" classname="org.testng.MultipleTimes"/>
  <system-out/>
  <testcase name="searchLaptop" time="0.019" classname="org.testng.MultipleTimes"/>
  <system-out/>
  <testcase name="searchLaptop" time="0.009" classname="org.testng.MultipleTimes"/>
  <system-out/>
  <testcase name="searchMobile" time="0.026" classname="org.testng.MultipleTimes"/>
  <system-out/>
</testsuite> <!-- org.testng.MultipleTimes -->
