<?xml version="1.0" encoding="UTF-8"?>
<!-- Generated by org.testng.reporters.JUnitReportReporter -->
<testsuite skipped="0" hostname="DESKTOP-VP6DSVL" name="org.testng.GropingTest" tests="6" failures="0" timestamp="2021-06-12T16:08:48 IST" time="0.060" errors="0">
  <testcase name="blue" time="0.007" classname="org.testng.GropingTest"/>
  <system-out/>
  <testcase name="blue1" time="0.006" classname="org.testng.GropingTest"/>
  <system-out/>
  <testcase name="red1" time="0.008" classname="org.testng.GropingTest"/>
  <system-out/>
  <testcase name="black" time="0.019" classname="org.testng.GropingTest"/>
  <system-out/>
  <testcase name="black1" time="0.010" classname="org.testng.GropingTest"/>
  <system-out/>
  <testcase name="red" time="0.010" classname="org.testng.GropingTest"/>
  <system-out/>
</testsuite> <!-- org.testng.GropingTest -->
