<?xml version="1.0" encoding="UTF-8"?>
<!-- Generated by org.testng.reporters.JUnitReportReporter -->
<testsuite skipped="0" hostname="DESKTOP-VP6DSVL" name="org.testng.ParameterTest" tests="2" failures="0" timestamp="2021-06-12T17:35:38 IST" time="0.024" errors="0">
  <testcase name="empUserName" time="0.007" classname="org.testng.ParameterTest"/>
  <system-out/>
  <testcase name="empPassword" time="0.017" classname="org.testng.ParameterTest"/>
  <system-out/>
</testsuite> <!-- org.testng.ParameterTest -->
