<?xml version="1.0" encoding="UTF-8"?>
<!-- Generated by org.testng.reporters.JUnitReportReporter -->
<testsuite skipped="0" hostname="DESKTOP-VP6DSVL" name="org.testng.CarDriving" tests="7" failures="0" timestamp="2021-06-12T16:09:34 IST" time="0.067" errors="0">
  <testcase name="Startthecar" time="0.016" classname="org.testng.CarDriving"/>
  <system-out/>
  <testcase name="Firstgear" time="0.005" classname="org.testng.CarDriving"/>
  <system-out/>
  <testcase name="SecondGear" time="0.011" classname="org.testng.CarDriving"/>
  <system-out/>
  <testcase name="ThirdGear" time="0.008" classname="org.testng.CarDriving"/>
  <system-out/>
  <testcase name="Neautral" time="0.011" classname="org.testng.CarDriving"/>
  <system-out/>
  <testcase name="StopTheCar" time="0.011" classname="org.testng.CarDriving"/>
  <system-out/>
  <testcase name="KeyOff" time="0.005" classname="org.testng.CarDriving"/>
  <system-out/>
</testsuite> <!-- org.testng.CarDriving -->
