<?xml version="1.0" encoding="UTF-8"?>
<!-- Generated by org.testng.reporters.JUnitReportReporter -->
<testsuite skipped="0" hostname="DESKTOP-VP6DSVL" name="org.testng.Dependecy_Demo" tests="4" failures="0" timestamp="2021-06-11T16:52:59 IST" time="0.065" errors="0">
  <testcase name="login" time="0.016" classname="org.testng.Dependecy_Demo"/>
  <system-out/>
  <testcase name="browserLaunch" time="0.019" classname="org.testng.Dependecy_Demo"/>
  <system-out/>
  <testcase name="searchMobile" time="0.020" classname="org.testng.Dependecy_Demo"/>
  <system-out/>
  <testcase name="url" time="0.010" classname="org.testng.Dependecy_Demo"/>
  <system-out/>
</testsuite> <!-- org.testng.Dependecy_Demo -->
