<?xml version="1.0" encoding="UTF-8"?>
<!-- Generated by org.testng.reporters.JUnitReportReporter -->
<testsuite skipped="0" hostname="DESKTOP-VP6DSVL" name="org.testng.BrowserLaunch" tests="2" failures="0" timestamp="2021-06-09T14:08:29 IST" time="0.032" errors="0">
  <testcase name="iphoneSearch" time="0.005" classname="org.testng.BrowserLaunch"/>
  <system-out/>
  <testcase name="addCart" time="0.027" classname="org.testng.BrowserLaunch"/>
  <system-out/>
</testsuite> <!-- org.testng.BrowserLaunch -->
