<?xml version="1.0" encoding="UTF-8"?>
<!-- Generated by org.testng.reporters.JUnitReportReporter -->
<testsuite skipped="0" hostname="DESKTOP-VP6DSVL" name="org.testng.DataProviderTest" tests="3" failures="0" timestamp="2021-06-12T17:50:37 IST" time="0.050" errors="0">
  <testcase name="login" time="0.029" classname="org.testng.DataProviderTest"/>
  <system-out/>
  <testcase name="login" time="0.005" classname="org.testng.DataProviderTest"/>
  <system-out/>
  <testcase name="login" time="0.016" classname="org.testng.DataProviderTest"/>
  <system-out/>
</testsuite> <!-- org.testng.DataProviderTest -->
